<?xml version="1.0" encoding="UTF-8" ?>
<testsuite tests="11" failures="0" name="org.apache.commons.lang3.CharSetUtilsTest" time="0" errors="0" skipped="0">
  <properties>
[...]
</properties>
  <testcase classname="org.apache.commons.lang3.CharSetUtilsTest" name="testSqueeze_StringString" time="0"/>
  <testcase classname="org.apache.commons.lang3.CharSetUtilsTest" name="testDelete_StringString" time="0"/>
  <testcase classname="org.apache.commons.lang3.CharSetUtilsTest" name="testKeep_StringString" time="0"/>
  <testcase classname="org.apache.commons.lang3.CharSetUtilsTest" name="testDelete_StringStringarray" time="0"/>
  <testcase classname="org.apache.commons.lang3.CharSetUtilsTest" name="testCount_StringStringarray" time="0"/>
  <testcase classname="org.apache.commons.lang3.CharSetUtilsTest" name="testContainsAny_StringString" time="0"/>
  <testcase classname="org.apache.commons.lang3.CharSetUtilsTest" name="testKeep_StringStringarray" time="0"/>
  <testcase classname="org.apache.commons.lang3.CharSetUtilsTest" name="testCount_StringString" time="0"/>
  <testcase classname="org.apache.commons.lang3.CharSetUtilsTest" name="testContainsAny_StringStringarray" time="0"/>
  <testcase classname="org.apache.commons.lang3.CharSetUtilsTest" name="testSqueeze_StringStringarray" time="0"/>
  <testcase classname="org.apache.commons.lang3.CharSetUtilsTest" name="testConstructor" time="0"/>
</testsuite>